<?xml version="1.0" ?>
<testsuite name="unittest.suite._ErrorHolder-azure" tests="3" time="0.000" failures="0" errors="3">
	<testcase classname="unittest.suite._ErrorHolder" name="TestCrsConverterIntegration)" time="0.000">
		<error type="Exception" message="Test environment is not properly set up; BASE_URL, ROOT_URL, MY_TENANT not set."><![CDATA[Traceback (most recent call last):
  File "..\crs_converter_test_core\test_crs_converter.py", line 212, in setUpClass
    raise Exception('Test environment is not properly set up; BASE_URL, ROOT_URL, MY_TENANT not set.')
Exception: Test environment is not properly set up; BASE_URL, ROOT_URL, MY_TENANT not set.
]]></error>
	</testcase>
	<testcase classname="unittest.suite._ErrorHolder" name="TestTrajectoryConverterIntegration)" time="0.000">
		<error type="Exception" message="Test environment is not properly set up; BASE_URL, ROOT_URL, MY_TENANT not set."><![CDATA[Traceback (most recent call last):
  File "..\crs_converter_test_core\test_crs_converter.py", line 384, in setUpClass
    raise Exception('Test environment is not properly set up; BASE_URL, ROOT_URL, MY_TENANT not set.')
Exception: Test environment is not properly set up; BASE_URL, ROOT_URL, MY_TENANT not set.
]]></error>
	</testcase>
	<testcase classname="unittest.suite._ErrorHolder" name="TestUnAuthorizedCrsConverterIntegration)" time="0.000">
		<error type="Exception" message="Test environment is not properly set up;  BASE_URL, ROOT_URL, MY_TENANT not set."><![CDATA[Traceback (most recent call last):
  File "..\crs_converter_test_core\test_crs_converter.py", line 502, in setUpClass
    raise Exception('Test environment is not properly set up;  BASE_URL, ROOT_URL, MY_TENANT not set.')
Exception: Test environment is not properly set up;  BASE_URL, ROOT_URL, MY_TENANT not set.
]]></error>
	</testcase>
	<system-out><![CDATA[]]></system-out>
	<system-err><![CDATA[]]></system-err>
</testsuite>
